[2025-12-03 19:34:55] [INFO    ] discord.client: logging in using static token
[2025-12-03 19:34:57] [INFO    ] discord.gateway: Shard ID None has connected to Gateway (Session ID: 02835d17961ce08e00770a6925ed6492).
[2025-12-03 19:35:01] [INFO    ] discord.voice_state: Connecting to voice...
[2025-12-03 19:35:01] [INFO    ] discord.voice_state: Starting voice handshake... (connection attempt 1)
[2025-12-03 19:35:01] [INFO    ] discord.voice_state: Voice handshake complete. Endpoint found: c-waw02-2a1f11e8.discord.media:2053
[2025-12-03 19:35:01] [INFO    ] discord.voice_state: Voice connection complete.
[2025-12-03 19:35:16] [WARNING ] discord.gateway: Shard ID None voice heartbeat blocked for more than 10 seconds
Loop thread traceback (most recent call last):
  File "/home/kobosa/projekty/yt_bot/main.py", line 53, in <module>
    bot.run(token=token, log_handler=handler)
  File "/home/kobosa/projekty/yt_bot/.venv/lib/python3.12/site-packages/discord/client.py", line 929, in run
    asyncio.run(runner())
  File "/usr/lib/python3.12/asyncio/runners.py", line 194, in run
    return runner.run(main)
  File "/usr/lib/python3.12/asyncio/runners.py", line 118, in run
    return self._loop.run_until_complete(task)
  File "/usr/lib/python3.12/asyncio/base_events.py", line 674, in run_until_complete
    self.run_forever()
  File "/usr/lib/python3.12/asyncio/base_events.py", line 641, in run_forever
    self._run_once()
  File "/usr/lib/python3.12/asyncio/base_events.py", line 1987, in _run_once
    handle._run()
  File "/usr/lib/python3.12/asyncio/events.py", line 88, in _run
    self._context.run(self._callback, *self._args)
  File "/home/kobosa/projekty/yt_bot/.venv/lib/python3.12/site-packages/discord/client.py", line 504, in _run_event
    await coro(*args, **kwargs)
  File "/home/kobosa/projekty/yt_bot/main.py", line 31, in on_message
    await bot.process_commands(message)
  File "/home/kobosa/projekty/yt_bot/.venv/lib/python3.12/site-packages/discord/ext/commands/bot.py", line 1418, in process_commands
    await self.invoke(ctx)  # type: ignore
  File "/home/kobosa/projekty/yt_bot/.venv/lib/python3.12/site-packages/discord/ext/commands/bot.py", line 1376, in invoke
    await ctx.command.invoke(ctx)
  File "/home/kobosa/projekty/yt_bot/.venv/lib/python3.12/site-packages/discord/ext/commands/core.py", line 1064, in invoke
    await injected(*ctx.args, **ctx.kwargs)  # type: ignore
  File "/home/kobosa/projekty/yt_bot/.venv/lib/python3.12/site-packages/discord/ext/commands/core.py", line 266, in wrapped
    ret = await coro(*args, **kwargs)
  File "/home/kobosa/projekty/yt_bot/main.py", line 39, in play
    stream_url = AR.play_music(url)
  File "/home/kobosa/projekty/yt_bot/audio_reader.py", line 7, in play_music
    process = subprocess.run(cmd_get_url, stdout=subprocess.PIPE, text=True, check=True)
  File "/usr/lib/python3.12/subprocess.py", line 550, in run
    stdout, stderr = process.communicate(input, timeout=timeout)
  File "/usr/lib/python3.12/subprocess.py", line 1196, in communicate
    stdout = self.stdout.read()

[2025-12-03 19:35:26] [WARNING ] discord.gateway: Shard ID None voice heartbeat blocked for more than 20 seconds
Loop thread traceback (most recent call last):
  File "/home/kobosa/projekty/yt_bot/main.py", line 53, in <module>
    bot.run(token=token, log_handler=handler)
  File "/home/kobosa/projekty/yt_bot/.venv/lib/python3.12/site-packages/discord/client.py", line 929, in run
    asyncio.run(runner())
  File "/usr/lib/python3.12/asyncio/runners.py", line 194, in run
    return runner.run(main)
  File "/usr/lib/python3.12/asyncio/runners.py", line 118, in run
    return self._loop.run_until_complete(task)
  File "/usr/lib/python3.12/asyncio/base_events.py", line 674, in run_until_complete
    self.run_forever()
  File "/usr/lib/python3.12/asyncio/base_events.py", line 641, in run_forever
    self._run_once()
  File "/usr/lib/python3.12/asyncio/base_events.py", line 1987, in _run_once
    handle._run()
  File "/usr/lib/python3.12/asyncio/events.py", line 88, in _run
    self._context.run(self._callback, *self._args)
  File "/home/kobosa/projekty/yt_bot/.venv/lib/python3.12/site-packages/discord/client.py", line 504, in _run_event
    await coro(*args, **kwargs)
  File "/home/kobosa/projekty/yt_bot/main.py", line 31, in on_message
    await bot.process_commands(message)
  File "/home/kobosa/projekty/yt_bot/.venv/lib/python3.12/site-packages/discord/ext/commands/bot.py", line 1418, in process_commands
    await self.invoke(ctx)  # type: ignore
  File "/home/kobosa/projekty/yt_bot/.venv/lib/python3.12/site-packages/discord/ext/commands/bot.py", line 1376, in invoke
    await ctx.command.invoke(ctx)
  File "/home/kobosa/projekty/yt_bot/.venv/lib/python3.12/site-packages/discord/ext/commands/core.py", line 1064, in invoke
    await injected(*ctx.args, **ctx.kwargs)  # type: ignore
  File "/home/kobosa/projekty/yt_bot/.venv/lib/python3.12/site-packages/discord/ext/commands/core.py", line 266, in wrapped
    ret = await coro(*args, **kwargs)
  File "/home/kobosa/projekty/yt_bot/main.py", line 39, in play
    stream_url = AR.play_music(url)
  File "/home/kobosa/projekty/yt_bot/audio_reader.py", line 7, in play_music
    process = subprocess.run(cmd_get_url, stdout=subprocess.PIPE, text=True, check=True)
  File "/usr/lib/python3.12/subprocess.py", line 550, in run
    stdout, stderr = process.communicate(input, timeout=timeout)
  File "/usr/lib/python3.12/subprocess.py", line 1196, in communicate
    stdout = self.stdout.read()

[2025-12-03 19:35:35] [WARNING ] discord.gateway: Shard ID None voice heartbeat blocked for more than 30 seconds
Loop thread traceback (most recent call last):
  File "/home/kobosa/projekty/yt_bot/main.py", line 53, in <module>
    bot.run(token=token, log_handler=handler)
  File "/home/kobosa/projekty/yt_bot/.venv/lib/python3.12/site-packages/discord/client.py", line 929, in run
    asyncio.run(runner())
  File "/usr/lib/python3.12/asyncio/runners.py", line 194, in run
    return runner.run(main)
  File "/usr/lib/python3.12/asyncio/runners.py", line 118, in run
    return self._loop.run_until_complete(task)
  File "/usr/lib/python3.12/asyncio/base_events.py", line 674, in run_until_complete
    self.run_forever()
  File "/usr/lib/python3.12/asyncio/base_events.py", line 641, in run_forever
    self._run_once()
  File "/usr/lib/python3.12/asyncio/base_events.py", line 1987, in _run_once
    handle._run()
  File "/usr/lib/python3.12/asyncio/events.py", line 88, in _run
    self._context.run(self._callback, *self._args)
  File "/home/kobosa/projekty/yt_bot/.venv/lib/python3.12/site-packages/discord/client.py", line 504, in _run_event
    await coro(*args, **kwargs)
  File "/home/kobosa/projekty/yt_bot/main.py", line 31, in on_message
    await bot.process_commands(message)
  File "/home/kobosa/projekty/yt_bot/.venv/lib/python3.12/site-packages/discord/ext/commands/bot.py", line 1418, in process_commands
    await self.invoke(ctx)  # type: ignore
  File "/home/kobosa/projekty/yt_bot/.venv/lib/python3.12/site-packages/discord/ext/commands/bot.py", line 1376, in invoke
    await ctx.command.invoke(ctx)
  File "/home/kobosa/projekty/yt_bot/.venv/lib/python3.12/site-packages/discord/ext/commands/core.py", line 1064, in invoke
    await injected(*ctx.args, **ctx.kwargs)  # type: ignore
  File "/home/kobosa/projekty/yt_bot/.venv/lib/python3.12/site-packages/discord/ext/commands/core.py", line 266, in wrapped
    ret = await coro(*args, **kwargs)
  File "/home/kobosa/projekty/yt_bot/main.py", line 39, in play
    stream_url = AR.play_music(url)
  File "/home/kobosa/projekty/yt_bot/audio_reader.py", line 7, in play_music
    process = subprocess.run(cmd_get_url, stdout=subprocess.PIPE, text=True, check=True)
  File "/usr/lib/python3.12/subprocess.py", line 550, in run
    stdout, stderr = process.communicate(input, timeout=timeout)
  File "/usr/lib/python3.12/subprocess.py", line 1196, in communicate
    stdout = self.stdout.read()

[2025-12-03 19:35:45] [WARNING ] discord.gateway: Shard ID None heartbeat blocked for more than 10 seconds.
Loop thread traceback (most recent call last):
  File "/home/kobosa/projekty/yt_bot/main.py", line 53, in <module>
    bot.run(token=token, log_handler=handler)
  File "/home/kobosa/projekty/yt_bot/.venv/lib/python3.12/site-packages/discord/client.py", line 929, in run
    asyncio.run(runner())
  File "/usr/lib/python3.12/asyncio/runners.py", line 194, in run
    return runner.run(main)
  File "/usr/lib/python3.12/asyncio/runners.py", line 118, in run
    return self._loop.run_until_complete(task)
  File "/usr/lib/python3.12/asyncio/base_events.py", line 674, in run_until_complete
    self.run_forever()
  File "/usr/lib/python3.12/asyncio/base_events.py", line 641, in run_forever
    self._run_once()
  File "/usr/lib/python3.12/asyncio/base_events.py", line 1987, in _run_once
    handle._run()
  File "/usr/lib/python3.12/asyncio/events.py", line 88, in _run
    self._context.run(self._callback, *self._args)
  File "/home/kobosa/projekty/yt_bot/.venv/lib/python3.12/site-packages/discord/client.py", line 504, in _run_event
    await coro(*args, **kwargs)
  File "/home/kobosa/projekty/yt_bot/main.py", line 31, in on_message
    await bot.process_commands(message)
  File "/home/kobosa/projekty/yt_bot/.venv/lib/python3.12/site-packages/discord/ext/commands/bot.py", line 1418, in process_commands
    await self.invoke(ctx)  # type: ignore
  File "/home/kobosa/projekty/yt_bot/.venv/lib/python3.12/site-packages/discord/ext/commands/bot.py", line 1376, in invoke
    await ctx.command.invoke(ctx)
  File "/home/kobosa/projekty/yt_bot/.venv/lib/python3.12/site-packages/discord/ext/commands/core.py", line 1064, in invoke
    await injected(*ctx.args, **ctx.kwargs)  # type: ignore
  File "/home/kobosa/projekty/yt_bot/.venv/lib/python3.12/site-packages/discord/ext/commands/core.py", line 266, in wrapped
    ret = await coro(*args, **kwargs)
  File "/home/kobosa/projekty/yt_bot/main.py", line 39, in play
    stream_url = AR.play_music(url)
  File "/home/kobosa/projekty/yt_bot/audio_reader.py", line 7, in play_music
    process = subprocess.run(cmd_get_url, stdout=subprocess.PIPE, text=True, check=True)
  File "/usr/lib/python3.12/subprocess.py", line 550, in run
    stdout, stderr = process.communicate(input, timeout=timeout)
  File "/usr/lib/python3.12/subprocess.py", line 1196, in communicate
    stdout = self.stdout.read()

[2025-12-03 19:35:45] [WARNING ] discord.gateway: Shard ID None voice heartbeat blocked for more than 40 seconds
Loop thread traceback (most recent call last):
  File "/home/kobosa/projekty/yt_bot/main.py", line 53, in <module>
    bot.run(token=token, log_handler=handler)
  File "/home/kobosa/projekty/yt_bot/.venv/lib/python3.12/site-packages/discord/client.py", line 929, in run
    asyncio.run(runner())
  File "/usr/lib/python3.12/asyncio/runners.py", line 194, in run
    return runner.run(main)
  File "/usr/lib/python3.12/asyncio/runners.py", line 118, in run
    return self._loop.run_until_complete(task)
  File "/usr/lib/python3.12/asyncio/base_events.py", line 674, in run_until_complete
    self.run_forever()
  File "/usr/lib/python3.12/asyncio/base_events.py", line 641, in run_forever
    self._run_once()
  File "/usr/lib/python3.12/asyncio/base_events.py", line 1987, in _run_once
    handle._run()
  File "/usr/lib/python3.12/asyncio/events.py", line 88, in _run
    self._context.run(self._callback, *self._args)
  File "/home/kobosa/projekty/yt_bot/.venv/lib/python3.12/site-packages/discord/client.py", line 504, in _run_event
    await coro(*args, **kwargs)
  File "/home/kobosa/projekty/yt_bot/main.py", line 31, in on_message
    await bot.process_commands(message)
  File "/home/kobosa/projekty/yt_bot/.venv/lib/python3.12/site-packages/discord/ext/commands/bot.py", line 1418, in process_commands
    await self.invoke(ctx)  # type: ignore
  File "/home/kobosa/projekty/yt_bot/.venv/lib/python3.12/site-packages/discord/ext/commands/bot.py", line 1376, in invoke
    await ctx.command.invoke(ctx)
  File "/home/kobosa/projekty/yt_bot/.venv/lib/python3.12/site-packages/discord/ext/commands/core.py", line 1064, in invoke
    await injected(*ctx.args, **ctx.kwargs)  # type: ignore
  File "/home/kobosa/projekty/yt_bot/.venv/lib/python3.12/site-packages/discord/ext/commands/core.py", line 266, in wrapped
    ret = await coro(*args, **kwargs)
  File "/home/kobosa/projekty/yt_bot/main.py", line 39, in play
    stream_url = AR.play_music(url)
  File "/home/kobosa/projekty/yt_bot/audio_reader.py", line 7, in play_music
    process = subprocess.run(cmd_get_url, stdout=subprocess.PIPE, text=True, check=True)
  File "/usr/lib/python3.12/subprocess.py", line 550, in run
    stdout, stderr = process.communicate(input, timeout=timeout)
  File "/usr/lib/python3.12/subprocess.py", line 1196, in communicate
    stdout = self.stdout.read()

[2025-12-03 19:35:55] [WARNING ] discord.gateway: Shard ID None heartbeat blocked for more than 20 seconds.
Loop thread traceback (most recent call last):
  File "/home/kobosa/projekty/yt_bot/main.py", line 53, in <module>
    bot.run(token=token, log_handler=handler)
  File "/home/kobosa/projekty/yt_bot/.venv/lib/python3.12/site-packages/discord/client.py", line 929, in run
    asyncio.run(runner())
  File "/usr/lib/python3.12/asyncio/runners.py", line 194, in run
    return runner.run(main)
  File "/usr/lib/python3.12/asyncio/runners.py", line 118, in run
    return self._loop.run_until_complete(task)
  File "/usr/lib/python3.12/asyncio/base_events.py", line 674, in run_until_complete
    self.run_forever()
  File "/usr/lib/python3.12/asyncio/base_events.py", line 641, in run_forever
    self._run_once()
  File "/usr/lib/python3.12/asyncio/base_events.py", line 1987, in _run_once
    handle._run()
  File "/usr/lib/python3.12/asyncio/events.py", line 88, in _run
    self._context.run(self._callback, *self._args)
  File "/home/kobosa/projekty/yt_bot/.venv/lib/python3.12/site-packages/discord/client.py", line 504, in _run_event
    await coro(*args, **kwargs)
  File "/home/kobosa/projekty/yt_bot/main.py", line 31, in on_message
    await bot.process_commands(message)
  File "/home/kobosa/projekty/yt_bot/.venv/lib/python3.12/site-packages/discord/ext/commands/bot.py", line 1418, in process_commands
    await self.invoke(ctx)  # type: ignore
  File "/home/kobosa/projekty/yt_bot/.venv/lib/python3.12/site-packages/discord/ext/commands/bot.py", line 1376, in invoke
    await ctx.command.invoke(ctx)
  File "/home/kobosa/projekty/yt_bot/.venv/lib/python3.12/site-packages/discord/ext/commands/core.py", line 1064, in invoke
    await injected(*ctx.args, **ctx.kwargs)  # type: ignore
  File "/home/kobosa/projekty/yt_bot/.venv/lib/python3.12/site-packages/discord/ext/commands/core.py", line 266, in wrapped
    ret = await coro(*args, **kwargs)
  File "/home/kobosa/projekty/yt_bot/main.py", line 39, in play
    stream_url = AR.play_music(url)
  File "/home/kobosa/projekty/yt_bot/audio_reader.py", line 7, in play_music
    process = subprocess.run(cmd_get_url, stdout=subprocess.PIPE, text=True, check=True)
  File "/usr/lib/python3.12/subprocess.py", line 550, in run
    stdout, stderr = process.communicate(input, timeout=timeout)
  File "/usr/lib/python3.12/subprocess.py", line 1196, in communicate
    stdout = self.stdout.read()

[2025-12-03 19:35:55] [WARNING ] discord.gateway: Shard ID None voice heartbeat blocked for more than 50 seconds
Loop thread traceback (most recent call last):
  File "/home/kobosa/projekty/yt_bot/main.py", line 53, in <module>
    bot.run(token=token, log_handler=handler)
  File "/home/kobosa/projekty/yt_bot/.venv/lib/python3.12/site-packages/discord/client.py", line 929, in run
    asyncio.run(runner())
  File "/usr/lib/python3.12/asyncio/runners.py", line 194, in run
    return runner.run(main)
  File "/usr/lib/python3.12/asyncio/runners.py", line 118, in run
    return self._loop.run_until_complete(task)
  File "/usr/lib/python3.12/asyncio/base_events.py", line 674, in run_until_complete
    self.run_forever()
  File "/usr/lib/python3.12/asyncio/base_events.py", line 641, in run_forever
    self._run_once()
  File "/usr/lib/python3.12/asyncio/base_events.py", line 1987, in _run_once
    handle._run()
  File "/usr/lib/python3.12/asyncio/events.py", line 88, in _run
    self._context.run(self._callback, *self._args)
  File "/home/kobosa/projekty/yt_bot/.venv/lib/python3.12/site-packages/discord/client.py", line 504, in _run_event
    await coro(*args, **kwargs)
  File "/home/kobosa/projekty/yt_bot/main.py", line 31, in on_message
    await bot.process_commands(message)
  File "/home/kobosa/projekty/yt_bot/.venv/lib/python3.12/site-packages/discord/ext/commands/bot.py", line 1418, in process_commands
    await self.invoke(ctx)  # type: ignore
  File "/home/kobosa/projekty/yt_bot/.venv/lib/python3.12/site-packages/discord/ext/commands/bot.py", line 1376, in invoke
    await ctx.command.invoke(ctx)
  File "/home/kobosa/projekty/yt_bot/.venv/lib/python3.12/site-packages/discord/ext/commands/core.py", line 1064, in invoke
    await injected(*ctx.args, **ctx.kwargs)  # type: ignore
  File "/home/kobosa/projekty/yt_bot/.venv/lib/python3.12/site-packages/discord/ext/commands/core.py", line 266, in wrapped
    ret = await coro(*args, **kwargs)
  File "/home/kobosa/projekty/yt_bot/main.py", line 39, in play
    stream_url = AR.play_music(url)
  File "/home/kobosa/projekty/yt_bot/audio_reader.py", line 7, in play_music
    process = subprocess.run(cmd_get_url, stdout=subprocess.PIPE, text=True, check=True)
  File "/usr/lib/python3.12/subprocess.py", line 550, in run
    stdout, stderr = process.communicate(input, timeout=timeout)
  File "/usr/lib/python3.12/subprocess.py", line 1196, in communicate
    stdout = self.stdout.read()

[2025-12-03 19:36:04] [WARNING ] discord.gateway: Shard ID None heartbeat blocked for more than 30 seconds.
Loop thread traceback (most recent call last):
  File "/home/kobosa/projekty/yt_bot/main.py", line 53, in <module>
    bot.run(token=token, log_handler=handler)
  File "/home/kobosa/projekty/yt_bot/.venv/lib/python3.12/site-packages/discord/client.py", line 929, in run
    asyncio.run(runner())
  File "/usr/lib/python3.12/asyncio/runners.py", line 194, in run
    return runner.run(main)
  File "/usr/lib/python3.12/asyncio/runners.py", line 118, in run
    return self._loop.run_until_complete(task)
  File "/usr/lib/python3.12/asyncio/base_events.py", line 674, in run_until_complete
    self.run_forever()
  File "/usr/lib/python3.12/asyncio/base_events.py", line 641, in run_forever
    self._run_once()
  File "/usr/lib/python3.12/asyncio/base_events.py", line 1987, in _run_once
    handle._run()
  File "/usr/lib/python3.12/asyncio/events.py", line 88, in _run
    self._context.run(self._callback, *self._args)
  File "/home/kobosa/projekty/yt_bot/.venv/lib/python3.12/site-packages/discord/client.py", line 504, in _run_event
    await coro(*args, **kwargs)
  File "/home/kobosa/projekty/yt_bot/main.py", line 31, in on_message
    await bot.process_commands(message)
  File "/home/kobosa/projekty/yt_bot/.venv/lib/python3.12/site-packages/discord/ext/commands/bot.py", line 1418, in process_commands
    await self.invoke(ctx)  # type: ignore
  File "/home/kobosa/projekty/yt_bot/.venv/lib/python3.12/site-packages/discord/ext/commands/bot.py", line 1376, in invoke
    await ctx.command.invoke(ctx)
  File "/home/kobosa/projekty/yt_bot/.venv/lib/python3.12/site-packages/discord/ext/commands/core.py", line 1064, in invoke
    await injected(*ctx.args, **ctx.kwargs)  # type: ignore
  File "/home/kobosa/projekty/yt_bot/.venv/lib/python3.12/site-packages/discord/ext/commands/core.py", line 266, in wrapped
    ret = await coro(*args, **kwargs)
  File "/home/kobosa/projekty/yt_bot/main.py", line 39, in play
    stream_url = AR.play_music(url)
  File "/home/kobosa/projekty/yt_bot/audio_reader.py", line 7, in play_music
    process = subprocess.run(cmd_get_url, stdout=subprocess.PIPE, text=True, check=True)
  File "/usr/lib/python3.12/subprocess.py", line 550, in run
    stdout, stderr = process.communicate(input, timeout=timeout)
  File "/usr/lib/python3.12/subprocess.py", line 1196, in communicate
    stdout = self.stdout.read()

[2025-12-03 19:36:04] [WARNING ] discord.gateway: Shard ID None voice heartbeat blocked for more than 60 seconds
Loop thread traceback (most recent call last):
  File "/home/kobosa/projekty/yt_bot/main.py", line 53, in <module>
    bot.run(token=token, log_handler=handler)
  File "/home/kobosa/projekty/yt_bot/.venv/lib/python3.12/site-packages/discord/client.py", line 929, in run
    asyncio.run(runner())
  File "/usr/lib/python3.12/asyncio/runners.py", line 194, in run
    return runner.run(main)
  File "/usr/lib/python3.12/asyncio/runners.py", line 118, in run
    return self._loop.run_until_complete(task)
  File "/usr/lib/python3.12/asyncio/base_events.py", line 674, in run_until_complete
    self.run_forever()
  File "/usr/lib/python3.12/asyncio/base_events.py", line 641, in run_forever
    self._run_once()
  File "/usr/lib/python3.12/asyncio/base_events.py", line 1987, in _run_once
    handle._run()
  File "/usr/lib/python3.12/asyncio/events.py", line 88, in _run
    self._context.run(self._callback, *self._args)
  File "/home/kobosa/projekty/yt_bot/.venv/lib/python3.12/site-packages/discord/client.py", line 504, in _run_event
    await coro(*args, **kwargs)
  File "/home/kobosa/projekty/yt_bot/main.py", line 31, in on_message
    await bot.process_commands(message)
  File "/home/kobosa/projekty/yt_bot/.venv/lib/python3.12/site-packages/discord/ext/commands/bot.py", line 1418, in process_commands
    await self.invoke(ctx)  # type: ignore
  File "/home/kobosa/projekty/yt_bot/.venv/lib/python3.12/site-packages/discord/ext/commands/bot.py", line 1376, in invoke
    await ctx.command.invoke(ctx)
  File "/home/kobosa/projekty/yt_bot/.venv/lib/python3.12/site-packages/discord/ext/commands/core.py", line 1064, in invoke
    await injected(*ctx.args, **ctx.kwargs)  # type: ignore
  File "/home/kobosa/projekty/yt_bot/.venv/lib/python3.12/site-packages/discord/ext/commands/core.py", line 266, in wrapped
    ret = await coro(*args, **kwargs)
  File "/home/kobosa/projekty/yt_bot/main.py", line 39, in play
    stream_url = AR.play_music(url)
  File "/home/kobosa/projekty/yt_bot/audio_reader.py", line 7, in play_music
    process = subprocess.run(cmd_get_url, stdout=subprocess.PIPE, text=True, check=True)
  File "/usr/lib/python3.12/subprocess.py", line 550, in run
    stdout, stderr = process.communicate(input, timeout=timeout)
  File "/usr/lib/python3.12/subprocess.py", line 1196, in communicate
    stdout = self.stdout.read()

[2025-12-03 19:36:08] [ERROR   ] discord.ext.commands.bot: Ignoring exception in command play
Traceback (most recent call last):
  File "/home/kobosa/projekty/yt_bot/.venv/lib/python3.12/site-packages/discord/ext/commands/core.py", line 266, in wrapped
    ret = await coro(*args, **kwargs)
          ^^^^^^^^^^^^^^^^^^^^^^^^^^^
  File "/home/kobosa/projekty/yt_bot/main.py", line 44, in play
    source = discord.FFmpegPCMAudio(stream_url, **ffmpeg_options)
             ^^^^^^^^^^^^^^^^^^^^^^^^^^^^^^^^^^^^^^^^^^^^^^^^^^^^
  File "/home/kobosa/projekty/yt_bot/.venv/lib/python3.12/site-packages/discord/player.py", line 346, in __init__
    super().__init__(source, executable=executable, args=args, **subprocess_kwargs)
  File "/home/kobosa/projekty/yt_bot/.venv/lib/python3.12/site-packages/discord/player.py", line 183, in __init__
    self._process = self._spawn_process(args, **kwargs)
                    ^^^^^^^^^^^^^^^^^^^^^^^^^^^^^^^^^^^
  File "/home/kobosa/projekty/yt_bot/.venv/lib/python3.12/site-packages/discord/player.py", line 206, in _spawn_process
    process = subprocess.Popen(args, creationflags=CREATE_NO_WINDOW, **subprocess_kwargs)
              ^^^^^^^^^^^^^^^^^^^^^^^^^^^^^^^^^^^^^^^^^^^^^^^^^^^^^^^^^^^^^^^^^^^^^^^^^^^
  File "/usr/lib/python3.12/subprocess.py", line 1026, in __init__
    self._execute_child(args, executable, preexec_fn, close_fds,
  File "/usr/lib/python3.12/subprocess.py", line 1885, in _execute_child
    self.pid = _fork_exec(
               ^^^^^^^^^^^
TypeError: expected str, bytes or os.PathLike object, not NoneType

The above exception was the direct cause of the following exception:

Traceback (most recent call last):
  File "/home/kobosa/projekty/yt_bot/.venv/lib/python3.12/site-packages/discord/ext/commands/bot.py", line 1376, in invoke
    await ctx.command.invoke(ctx)
  File "/home/kobosa/projekty/yt_bot/.venv/lib/python3.12/site-packages/discord/ext/commands/core.py", line 1064, in invoke
    await injected(*ctx.args, **ctx.kwargs)  # type: ignore
    ^^^^^^^^^^^^^^^^^^^^^^^^^^^^^^^^^^^^^^^
  File "/home/kobosa/projekty/yt_bot/.venv/lib/python3.12/site-packages/discord/ext/commands/core.py", line 275, in wrapped
    raise CommandInvokeError(exc) from exc
discord.ext.commands.errors.CommandInvokeError: Command raised an exception: TypeError: expected str, bytes or os.PathLike object, not NoneType
[2025-12-03 19:36:08] [INFO    ] discord.voice_state: The voice handshake is being terminated for Channel ID 954116385133441054 (Guild ID 811606924562006078)
[2025-12-03 19:36:08] [ERROR   ] discord.voice_state: Disconnected from voice... Reconnecting in 1.61s.
Traceback (most recent call last):
  File "/usr/lib/python3.12/asyncio/tasks.py", line 520, in wait_for
    return await fut
           ^^^^^^^^^
  File "/home/kobosa/projekty/yt_bot/.venv/lib/python3.12/site-packages/aiohttp/client_ws.py", line 336, in receive
    msg = await self._reader.read()
          ^^^^^^^^^^^^^^^^^^^^^^^^^
  File "aiohttp/_websocket/reader_c.py", line 118, in read
  File "aiohttp/_websocket/reader_c.py", line 115, in aiohttp._websocket.reader_c.WebSocketDataQueue.read
asyncio.exceptions.CancelledError

The above exception was the direct cause of the following exception:

Traceback (most recent call last):
  File "/home/kobosa/projekty/yt_bot/.venv/lib/python3.12/site-packages/discord/voice_state.py", line 601, in _poll_voice_ws
    await self.ws.poll_event()
  File "/home/kobosa/projekty/yt_bot/.venv/lib/python3.12/site-packages/discord/gateway.py", line 1045, in poll_event
    msg = await asyncio.wait_for(self.ws.receive(), timeout=30.0)
          ^^^^^^^^^^^^^^^^^^^^^^^^^^^^^^^^^^^^^^^^^^^^^^^^^^^^^^^
  File "/usr/lib/python3.12/asyncio/tasks.py", line 519, in wait_for
    async with timeouts.timeout(timeout):
  File "/usr/lib/python3.12/asyncio/timeouts.py", line 115, in __aexit__
    raise TimeoutError from exc_val
TimeoutError
